<?xml version="1.0" encoding="UTF-8"?>
<testsuite name="com.shinesolutions.lambda.AppTest" tests="1" skipped="0" failures="0" errors="0" timestamp="2021-08-12T04:13:14" hostname="brankominic.lan" time="0.283">
  <properties/>
  <testcase name="successfulResponse()" classname="com.shinesolutions.lambda.AppTest" time="0.283"/>
  <system-out><![CDATA[InputObject{name='Bill', greeting='hello'}
]]></system-out>
  <system-err><![CDATA[]]></system-err>
</testsuite>
