<?xml version="1.0" encoding="UTF-8"?>
<testsuite name="com.shinesolutions.LambdaHandlerTest" tests="1" skipped="0" failures="0" errors="0" timestamp="2021-08-08T22:16:20" hostname="brankominic.lan" time="0.399">
  <properties/>
  <testcase name="testSimpleLambdaSuccess()" classname="com.shinesolutions.LambdaHandlerTest" time="0.399"/>
  <system-out><![CDATA[2021-08-09 08:16:20,290 WARN  [io.net.res.dns.DnsServerAddressStreamProviders] (vert.x-eventloop-thread-5) Can not find io.netty.resolver.dns.macos.MacOSDnsServerAddressStreamProvider in the classpath, fallback to system defaults. This may result in incorrect DNS resolutions on MacOS.
]]></system-out>
  <system-err><![CDATA[Aug 09, 2021 8:16:19 AM org.jboss.threads.Version <clinit>
INFO: JBoss Threads version 3.4.0.Final
Aug 09, 2021 8:16:20 AM org.jboss.threads.Version <clinit>
INFO: JBoss Threads version 3.4.0.Final
Aug 09, 2021 8:16:20 AM io.quarkus.bootstrap.runner.Timing printStartupTime
INFO: Quarkus 2.1.1.Final on JVM started in 1.515s. Listening on: http://localhost:8081
Aug 09, 2021 8:16:20 AM io.quarkus.bootstrap.runner.Timing printStartupTime
INFO: Profile test activated. 
Aug 09, 2021 8:16:20 AM io.quarkus.bootstrap.runner.Timing printStartupTime
INFO: Installed features: [amazon-lambda, cdi, smallrye-context-propagation]
]]></system-err>
</testsuite>
